g:\upn-2024\ciclo agosto - diciembre\computación grafica y visual\proyecto final\modelamiento_3d_sweethome\semanafina_proyecto_final\x64\debug\vc143.pdb
g:\upn-2024\ciclo agosto - diciembre\computación grafica y visual\proyecto final\modelamiento_3d_sweethome\semanafina_proyecto_final\x64\debug\vc143.idb
g:\upn-2024\ciclo agosto - diciembre\computación grafica y visual\proyecto final\modelamiento_3d_sweethome\semanafina_proyecto_final\x64\debug\glad.obj
g:\upn-2024\ciclo agosto - diciembre\computación grafica y visual\proyecto final\modelamiento_3d_sweethome\semanafina_proyecto_final\x64\debug\ventana.obj
g:\upn-2024\ciclo agosto - diciembre\computación grafica y visual\proyecto final\modelamiento_3d_sweethome\semanafina_proyecto_final\x64\debug\mueble.obj
g:\upn-2024\ciclo agosto - diciembre\computación grafica y visual\proyecto final\modelamiento_3d_sweethome\semanafina_proyecto_final\x64\debug\oficina.obj
g:\upn-2024\ciclo agosto - diciembre\computación grafica y visual\proyecto final\modelamiento_3d_sweethome\semanafina_proyecto_final\x64\debug\main.obj
g:\upn-2024\ciclo agosto - diciembre\computación grafica y visual\proyecto final\modelamiento_3d_sweethome\semanafina_proyecto_final\x64\debug\configuracion.obj
g:\upn-2024\ciclo agosto - diciembre\computación grafica y visual\proyecto final\modelamiento_3d_sweethome\x64\debug\semanafina_proyecto_final.pdb
g:\upn-2024\ciclo agosto - diciembre\computación grafica y visual\proyecto final\modelamiento_3d_sweethome\semanafina_proyecto_final\x64\debug\semanafi.5e159835.tlog\cl.command.1.tlog
g:\upn-2024\ciclo agosto - diciembre\computación grafica y visual\proyecto final\modelamiento_3d_sweethome\semanafina_proyecto_final\x64\debug\semanafi.5e159835.tlog\cl.read.1.tlog
g:\upn-2024\ciclo agosto - diciembre\computación grafica y visual\proyecto final\modelamiento_3d_sweethome\semanafina_proyecto_final\x64\debug\semanafi.5e159835.tlog\cl.write.1.tlog
g:\upn-2024\ciclo agosto - diciembre\computación grafica y visual\proyecto final\modelamiento_3d_sweethome\semanafina_proyecto_final\x64\debug\semanafi.5e159835.tlog\link-cvtres.read.1.tlog
g:\upn-2024\ciclo agosto - diciembre\computación grafica y visual\proyecto final\modelamiento_3d_sweethome\semanafina_proyecto_final\x64\debug\semanafi.5e159835.tlog\link-cvtres.write.1.tlog
g:\upn-2024\ciclo agosto - diciembre\computación grafica y visual\proyecto final\modelamiento_3d_sweethome\semanafina_proyecto_final\x64\debug\semanafi.5e159835.tlog\link-rc.read.1.tlog
g:\upn-2024\ciclo agosto - diciembre\computación grafica y visual\proyecto final\modelamiento_3d_sweethome\semanafina_proyecto_final\x64\debug\semanafi.5e159835.tlog\link-rc.write.1.tlog
g:\upn-2024\ciclo agosto - diciembre\computación grafica y visual\proyecto final\modelamiento_3d_sweethome\semanafina_proyecto_final\x64\debug\semanafi.5e159835.tlog\link.command.1.tlog
g:\upn-2024\ciclo agosto - diciembre\computación grafica y visual\proyecto final\modelamiento_3d_sweethome\semanafina_proyecto_final\x64\debug\semanafi.5e159835.tlog\link.read.1.tlog
g:\upn-2024\ciclo agosto - diciembre\computación grafica y visual\proyecto final\modelamiento_3d_sweethome\semanafina_proyecto_final\x64\debug\semanafi.5e159835.tlog\link.read.2.tlog
g:\upn-2024\ciclo agosto - diciembre\computación grafica y visual\proyecto final\modelamiento_3d_sweethome\semanafina_proyecto_final\x64\debug\semanafi.5e159835.tlog\link.write.1.tlog
